<?xml version="1.0" encoding="UTF-8"?>
<project xmlns="http://maven.apache.org/POM/4.0.0" xmlns:xsi="http://www.w3.org/2001/XMLSchema-instance" xsi:schemaLocation="http://maven.apache.org/POM/4.0.0 http://maven.apache.org/maven-v4_0_0.xsd">
  <modelVersion>4.0.0</modelVersion>
  <groupId>foo</groupId>
  <artifactId>bar</artifactId>
  <version>1.0</version>
  <packaging>jar</packaging>

  <build>
    <plugins>
      <plugin>
        <groupId>net.sign</groupId>
        <artifactId>jsign-maven-plugin</artifactId>
        <version>2.0-SNAPSHOT+n3u6</version>
        <configuration>
        </configuration>
        <executions>
          <execution>
            <phase>package</phase>
            <goals>
              <goal>sign</goal>
            </goals>
            <configuration>
              <file>wineyes.exe</file>
            </configuration>
          </execution>
        </executions>
      </plugin>
    </plugins>
  </build>
  
</project>
